# JRE version: Java(TM) SE Runtime Environment (22.0.1+8) (build 22.0.1+8-16)
# Java VM: Java HotSpot(TM) 64-Bit Server VM (22.0.1+8-16, mixed mode, sharing, tiered, compressed oops, compressed class ptrs, g1 gc, bsd-aarch64)
GC Precious Log:
 CardTable entry size: 512
 Card Set container configuration: InlinePtr #cards 5 size 8 Array Of Cards #cards 12 size 40 Howl #buckets 4 coarsen threshold 1843 Howl Bitmap #cards 512 size 80 coarsen threshold 460 Card regions per heap region 1 cards per card region 2048
 CPUs: 8 total, 8 available
 Memory: 8192M
 Large Page Support: Disabled
 NUMA Support: Disabled
 Compressed Oops: Enabled (Zero based)
 Heap Region Size: 1M
 Heap Min Capacity: 8M
 Heap Initial Capacity: 128M
 Heap Max Capacity: 2G
 Pre-touch: Disabled
 Parallel Workers: 8
 Concurrent Workers: 2
 Concurrent Refinement Workers: 8
 Periodic GC: Disabled
Heap:
 garbage-first heap   total reserved 2097152K, committed 53248K, used 36905K [0x0000000780000000, 0x0000000800000000)
  region size 1024K, 7 young (7168K), 2 survivors (2048K)
 Metaspace       used 38296K, committed 38784K, reserved 1114112K
  class space    used 4963K, committed 5184K, reserved 1048576K
GC Heap History (20 events):
Event: 2.042 GC heap before
{Heap before GC invocations=2 (full 0):
 garbage-first heap   total reserved 2097152K, committed 133120K, used 26085K [0x0000000780000000, 0x0000000800000000)
  region size 1024K, 22 young (22528K), 6 survivors (6144K)
 Metaspace       used 21127K, committed 21504K, reserved 1114112K
  class space    used 3037K, committed 3200K, reserved 1048576K
}
Event: 2.047 GC heap after
{Heap after GC invocations=3 (full 0):
 garbage-first heap   total reserved 2097152K, committed 133120K, used 12919K [0x0000000780000000, 0x0000000800000000)
  region size 1024K, 6 young (6144K), 6 survivors (6144K)
 Metaspace       used 21127K, committed 21504K, reserved 1114112K
  class space    used 3037K, committed 3200K, reserved 1048576K
}
Event: 9.498 GC heap before
{Heap before GC invocations=4 (full 0):
 garbage-first heap   total reserved 2097152K, committed 51200K, used 36471K [0x0000000780000000, 0x0000000800000000)
  region size 1024K, 30 young (30720K), 6 survivors (6144K)
 Metaspace       used 30128K, committed 30528K, reserved 1114112K
  class space    used 4143K, committed 4288K, reserved 1048576K
}
Event: 9.501 GC heap after
{Heap after GC invocations=5 (full 0):
 garbage-first heap   total reserved 2097152K, committed 53248K, used 19562K [0x0000000780000000, 0x0000000800000000)
  region size 1024K, 4 young (4096K), 4 survivors (4096K)
 Metaspace       used 30128K, committed 30528K, reserved 1114112K
  class space    used 4143K, committed 4288K, reserved 1048576K
}
Event: 9.741 GC heap before
{Heap before GC invocations=5 (full 0):
 garbage-first heap   total reserved 2097152K, committed 53248K, used 33898K [0x0000000780000000, 0x0000000800000000)
  region size 1024K, 20 young (20480K), 4 survivors (4096K)
 Metaspace       used 35592K, committed 35968K, reserved 1114112K
  class space    used 4741K, committed 4928K, reserved 1048576K
}
Event: 9.743 GC heap after
{Heap after GC invocations=6 (full 0):
 garbage-first heap   total reserved 2097152K, committed 53248K, used 23853K [0x0000000780000000, 0x0000000800000000)
  region size 1024K, 3 young (3072K), 3 survivors (3072K)
 Metaspace       used 35592K, committed 35968K, reserved 1114112K
  class space    used 4741K, committed 4928K, reserved 1048576K
}
Event: 9.748 GC heap before
{Heap before GC invocations=6 (full 0):
 garbage-first heap   total reserved 2097152K, committed 53248K, used 24877K [0x0000000780000000, 0x0000000800000000)
  region size 1024K, 5 young (5120K), 3 survivors (3072K)
 Metaspace       used 35870K, committed 36288K, reserved 1114112K
  class space    used 4764K, committed 4992K, reserved 1048576K
}
Event: 9.749 GC heap after
{Heap after GC invocations=7 (full 0):
 garbage-first heap   total reserved 2097152K, committed 53248K, used 24424K [0x0000000780000000, 0x0000000800000000)
  region size 1024K, 1 young (1024K), 1 survivors (1024K)
 Metaspace       used 35870K, committed 36288K, reserved 1114112K
  class space    used 4764K, committed 4992K, reserved 1048576K
}
Event: 37.027 GC heap before
{Heap before GC invocations=8 (full 0):
 garbage-first heap   total reserved 2097152K, committed 53248K, used 40808K [0x0000000780000000, 0x0000000800000000)
  region size 1024K, 18 young (18432K), 1 survivors (1024K)
 Metaspace       used 37139K, committed 37568K, reserved 1114112K
  class space    used 4804K, committed 4992K, reserved 1048576K
}
Event: 37.037 GC heap after
{Heap after GC invocations=9 (full 0):
 garbage-first heap   total reserved 2097152K, committed 53248K, used 24438K [0x0000000780000000, 0x0000000800000000)
  region size 1024K, 1 young (1024K), 1 survivors (1024K)
 Metaspace       used 37139K, committed 37568K, reserved 1114112K
  class space    used 4804K, committed 4992K, reserved 1048576K
}
Event: 75.325 GC heap before
{Heap before GC invocations=9 (full 0):
 garbage-first heap   total reserved 2097152K, committed 53248K, used 42870K [0x0000000780000000, 0x0000000800000000)
  region size 1024K, 19 young (19456K), 1 survivors (1024K)
 Metaspace       used 37221K, committed 37696K, reserved 1114112K
  class space    used 4804K, committed 4992K, reserved 1048576K
}
Event: 75.330 GC heap after
{Heap after GC invocations=10 (full 0):
 garbage-first heap   total reserved 2097152K, committed 53248K, used 24418K [0x0000000780000000, 0x0000000800000000)
  region size 1024K, 1 young (1024K), 1 survivors (1024K)
 Metaspace       used 37221K, committed 37696K, reserved 1114112K
  class space    used 4804K, committed 4992K, reserved 1048576K
}
Event: 119.629 GC heap before
{Heap before GC invocations=10 (full 0):
 garbage-first heap   total reserved 2097152K, committed 53248K, used 44898K [0x0000000780000000, 0x0000000800000000)
  region size 1024K, 21 young (21504K), 1 survivors (1024K)
 Metaspace       used 37266K, committed 37696K, reserved 1114112K
  class space    used 4804K, committed 4992K, reserved 1048576K
}
Event: 119.635 GC heap after
{Heap after GC invocations=11 (full 0):
 garbage-first heap   total reserved 2097152K, committed 53248K, used 24404K [0x0000000780000000, 0x0000000800000000)
  region size 1024K, 1 young (1024K), 1 survivors (1024K)
 Metaspace       used 37266K, committed 37696K, reserved 1114112K
  class space    used 4804K, committed 4992K, reserved 1048576K
}
Event: 167.028 GC heap before
{Heap before GC invocations=12 (full 0):
 garbage-first heap   total reserved 2097152K, committed 53248K, used 45908K [0x0000000780000000, 0x0000000800000000)
  region size 1024K, 22 young (22528K), 1 survivors (1024K)
 Metaspace       used 37295K, committed 37760K, reserved 1114112K
  class space    used 4804K, committed 4992K, reserved 1048576K
}
Event: 167.032 GC heap after
{Heap after GC invocations=13 (full 0):
 garbage-first heap   total reserved 2097152K, committed 53248K, used 24421K [0x0000000780000000, 0x0000000800000000)
  region size 1024K, 1 young (1024K), 1 survivors (1024K)
 Metaspace       used 37295K, committed 37760K, reserved 1114112K
  class space    used 4804K, committed 4992K, reserved 1048576K
}
Event: 1439.360 GC heap before
{Heap before GC invocations=13 (full 0):
 garbage-first heap   total reserved 2097152K, committed 53248K, used 45925K [0x0000000780000000, 0x0000000800000000)
  region size 1024K, 23 young (23552K), 1 survivors (1024K)
 Metaspace       used 38158K, committed 38656K, reserved 1114112K
  class space    used 4958K, committed 5184K, reserved 1048576K
}
Event: 1439.362 GC heap after
{Heap after GC invocations=14 (full 0):
 garbage-first heap   total reserved 2097152K, committed 53248K, used 24581K [0x0000000780000000, 0x0000000800000000)
  region size 1024K, 2 young (2048K), 2 survivors (2048K)
 Metaspace       used 38158K, committed 38656K, reserved 1114112K
  class space    used 4958K, committed 5184K, reserved 1048576K
}
Event: 1467.194 GC heap before
{Heap before GC invocations=14 (full 0):
 garbage-first heap   total reserved 2097152K, committed 53248K, used 28677K [0x0000000780000000, 0x0000000800000000)
  region size 1024K, 7 young (7168K), 2 survivors (2048K)
 Metaspace       used 38227K, committed 38720K, reserved 1114112K
  class space    used 4958K, committed 5184K, reserved 1048576K
}
Event: 1467.197 GC heap after
{Heap after GC invocations=15 (full 0):
 garbage-first heap   total reserved 2097152K, committed 53248K, used 24617K [0x0000000780000000, 0x0000000800000000)
  region size 1024K, 2 young (2048K), 2 survivors (2048K)
 Metaspace       used 38227K, committed 38720K, reserved 1114112K
  class space    used 4958K, committed 5184K, reserved 1048576K
}

